<?xml version="1.0" encoding="UTF-8"?>
<testng-results skipped="0" failed="0" total="3" passed="3">
  <reporter-output>
  </reporter-output>
  <suite name="Default suite" duration-ms="27734" started-at="2015-12-20T19:09:48Z" finished-at="2015-12-20T19:10:15Z">
    <groups>
    </groups>
    <test name="Default test" duration-ms="27734" started-at="2015-12-20T19:09:48Z" finished-at="2015-12-20T19:10:15Z">
      <class name="com.example.tests.TestBase">
        <test-method status="PASS" signature="setUp()[pri:0, instance:com.example.tests.TestBase@13b6d03]" name="setUp" is-config="true" duration-ms="14119" started-at="2015-12-20T22:09:48Z" finished-at="2015-12-20T22:10:02Z">
          <reporter-output>
          </reporter-output>
        </test-method> <!-- setUp -->
        <test-method status="PASS" signature="tearDown()[pri:0, instance:com.example.tests.TestBase@13b6d03]" name="tearDown" is-config="true" duration-ms="938" started-at="2015-12-20T22:10:14Z" finished-at="2015-12-20T22:10:15Z">
          <reporter-output>
          </reporter-output>
        </test-method> <!-- tearDown -->
      </class> <!-- com.example.tests.TestBase -->
      <class name="com.example.tests.ContactCreationTests">
        <test-method status="PASS" signature="testUntitled()[pri:0, instance:com.example.tests.ContactCreationTests@21a06946]" name="testUntitled" duration-ms="8648" started-at="2015-12-20T22:10:06Z" finished-at="2015-12-20T22:10:14Z">
          <reporter-output>
          </reporter-output>
        </test-method> <!-- testUntitled -->
      </class> <!-- com.example.tests.ContactCreationTests -->
      <class name="com.example.tests.GroupCreationTests">
        <test-method status="PASS" signature="testEmptyGroupCreation()[pri:0, instance:com.example.tests.GroupCreationTests@483bf400]" name="testEmptyGroupCreation" duration-ms="2255" started-at="2015-12-20T22:10:02Z" finished-at="2015-12-20T22:10:04Z">
          <reporter-output>
          </reporter-output>
        </test-method> <!-- testEmptyGroupCreation -->
        <test-method status="PASS" signature="testNonEmptyGroupCreation()[pri:0, instance:com.example.tests.GroupCreationTests@483bf400]" name="testNonEmptyGroupCreation" duration-ms="1753" started-at="2015-12-20T22:10:04Z" finished-at="2015-12-20T22:10:06Z">
          <reporter-output>
          </reporter-output>
        </test-method> <!-- testNonEmptyGroupCreation -->
      </class> <!-- com.example.tests.GroupCreationTests -->
    </test> <!-- Default test -->
  </suite> <!-- Default suite -->
</testng-results>
