<?xml version="1.0" encoding="UTF-8"?>
<!-- Generated by org.testng.reporters.JUnitXMLReporter -->
<testsuite hostname="gis-ПК" name="Default test" tests="3" failures="0" timestamp="21 Dec 2015 06:13:40 GMT" time="32.332" errors="0">
  <testcase name="testEmptyGroupCreation" time="4.226" classname="com.example.tests.GroupCreationTests"/>
  <testcase name="testNonEmptyGroupCreation" time="2.036" classname="com.example.tests.GroupCreationTests"/>
  <testcase name="testUntitled" time="3.195" classname="com.example.tests.ContactCreationTests"/>
</testsuite> <!-- Default test -->
