<?xml version="1.0" encoding="UTF-8"?>
<!-- Generated by org.testng.reporters.JUnitXMLReporter -->
<testsuite hostname="gis-ПК" name="Default test" tests="3" failures="0" timestamp="20 Dec 2015 19:10:15 GMT" time="27.734" errors="0">
  <testcase name="testEmptyGroupCreation" time="2.255" classname="com.example.tests.GroupCreationTests"/>
  <testcase name="testNonEmptyGroupCreation" time="1.753" classname="com.example.tests.GroupCreationTests"/>
  <testcase name="testUntitled" time="8.648" classname="com.example.tests.ContactCreationTests"/>
</testsuite> <!-- Default test -->
